<?xml version="1.0" encoding="UTF-8"?>
<!-- Generated by org.testng.reporters.JUnitReportReporter -->
<testsuite skipped="0" hostname="LAPTOP-PE52CNM5" name="com.utility.MainTest" tests="1" failures="0" timestamp="2020-11-20T18:23:27 IST" time="66.625" errors="0">
  <testcase name="setUp" time="66.625" classname="com.utility.MainTest"/>
  <system-out/>
</testsuite> <!-- com.utility.MainTest -->
